[DEBUG] 16:29:40:828 log/(6132:6132): 127.0.0.1
[DEBUG] 16:29:40:829 log/(6132:6132): 5002
[DEBUG] 16:29:45:699 log/(6132:6133): Se mueve el entredor id:0 a las coordenadas x:0 y:2

[DEBUG] 16:29:46:700 log/(6132:6133): Se mueve el entredor id:0 a las coordenadas x:-1 y:2

[DEBUG] 16:29:47:702 log/(6132:6134): Se mueve el entredor id:1 a las coordenadas x:2 y:7

[DEBUG] 16:29:48:703 log/(6132:6134): Se mueve el entredor id:1 a las coordenadas x:1 y:7

[DEBUG] 16:29:49:704 log/(6132:6134): Se mueve el entredor id:1 a las coordenadas x:0 y:7

[DEBUG] 16:29:50:705 log/(6132:6134): Se mueve el entredor id:1 a las coordenadas x:-1 y:7

[DEBUG] 16:29:51:707 log/(6132:6134): Se mueve el entredor id:1 a las coordenadas x:-1 y:6

[DEBUG] 16:29:52:708 log/(6132:6134): Se mueve el entredor id:1 a las coordenadas x:-1 y:5

[DEBUG] 16:29:53:708 log/(6132:6134): Se mueve el entredor id:1 a las coordenadas x:-1 y:4

[DEBUG] 16:29:54:710 log/(6132:6134): Se mueve el entredor id:1 a las coordenadas x:-1 y:3

[DEBUG] 16:29:55:711 log/(6132:6134): Se mueve el entredor id:1 a las coordenadas x:-1 y:2

[DEBUG] 16:29:56:713 log/(6132:6135): Se mueve el entredor id:2 a las coordenadas x:4 y:5

[DEBUG] 16:29:57:714 log/(6132:6135): Se mueve el entredor id:2 a las coordenadas x:4 y:6

[DEBUG] 16:29:58:716 log/(6132:6135): Se mueve el entredor id:2 a las coordenadas x:4 y:7

[DEBUG] 16:29:59:717 log/(6132:6133): Se mueve el entredor id:0 a las coordenadas x:0 y:2

[DEBUG] 16:30:00:718 log/(6132:6133): Se mueve el entredor id:0 a las coordenadas x:1 y:2

[DEBUG] 16:30:01:719 log/(6132:6133): Se mueve el entredor id:0 a las coordenadas x:2 y:2

[DEBUG] 16:30:02:720 log/(6132:6133): Se mueve el entredor id:0 a las coordenadas x:3 y:2

[DEBUG] 16:30:03:722 log/(6132:6133): Se mueve el entredor id:0 a las coordenadas x:4 y:2

[DEBUG] 16:30:04:723 log/(6132:6133): Se mueve el entredor id:0 a las coordenadas x:4 y:3

[DEBUG] 16:30:05:724 log/(6132:6133): Se mueve el entredor id:0 a las coordenadas x:4 y:4

[DEBUG] 16:30:06:726 log/(6132:6133): Se mueve el entredor id:0 a las coordenadas x:4 y:5

[DEBUG] 16:30:07:727 log/(6132:6133): Se mueve el entredor id:0 a las coordenadas x:4 y:6

[DEBUG] 16:30:08:728 log/(6132:6133): Se mueve el entredor id:0 a las coordenadas x:4 y:7

[DEBUG] 16:30:09:730 log/(6132:6133): Se mueve el entredor id:0 a las coordenadas x:4 y:7

[DEBUG] 16:59:58:856 log/(6928:6928): 127.0.0.1
[DEBUG] 16:59:58:900 log/(6928:6928): 5002
[DEBUG] 17:00:16:881 log/(6928:6929): Se mueve el entredor id:0 a las coordenadas x:0 y:2

[DEBUG] 17:00:17:889 log/(6928:6929): Se mueve el entredor id:0 a las coordenadas x:-1 y:2

[DEBUG] 17:00:58:473 log/(7018:7018): 127.0.0.1
[DEBUG] 17:00:58:473 log/(7018:7018): 5002
[DEBUG] 17:01:02:853 log/(7018:7019): Se mueve el entredor id:0 a las coordenadas x:0 y:2
[DEBUG] 17:01:03:853 log/(7018:7019): Se mueve el entredor id:0 a las coordenadas x:-1 y:2
[DEBUG] 17:01:04:855 log/(7018:7020): Se mueve el entredor id:1 a las coordenadas x:2 y:7
[DEBUG] 17:01:05:855 log/(7018:7020): Se mueve el entredor id:1 a las coordenadas x:1 y:7
[DEBUG] 17:01:06:856 log/(7018:7020): Se mueve el entredor id:1 a las coordenadas x:0 y:7
[DEBUG] 17:01:07:856 log/(7018:7020): Se mueve el entredor id:1 a las coordenadas x:-1 y:7
[DEBUG] 17:01:08:857 log/(7018:7020): Se mueve el entredor id:1 a las coordenadas x:-1 y:6
[DEBUG] 17:01:09:860 log/(7018:7020): Se mueve el entredor id:1 a las coordenadas x:-1 y:5
[DEBUG] 17:01:10:860 log/(7018:7020): Se mueve el entredor id:1 a las coordenadas x:-1 y:4
[DEBUG] 17:01:11:860 log/(7018:7020): Se mueve el entredor id:1 a las coordenadas x:-1 y:3
[DEBUG] 17:01:12:861 log/(7018:7020): Se mueve el entredor id:1 a las coordenadas x:-1 y:2
[DEBUG] 17:01:13:861 log/(7018:7021): Se mueve el entredor id:2 a las coordenadas x:4 y:5
[DEBUG] 17:01:14:862 log/(7018:7021): Se mueve el entredor id:2 a las coordenadas x:4 y:6
[DEBUG] 17:01:15:866 log/(7018:7021): Se mueve el entredor id:2 a las coordenadas x:4 y:7
[DEBUG] 17:01:16:866 log/(7018:7019): Se mueve el entredor id:0 a las coordenadas x:0 y:2
[DEBUG] 17:01:17:866 log/(7018:7019): Se mueve el entredor id:0 a las coordenadas x:1 y:2
[DEBUG] 17:01:18:867 log/(7018:7019): Se mueve el entredor id:0 a las coordenadas x:2 y:2
[DEBUG] 17:01:19:867 log/(7018:7019): Se mueve el entredor id:0 a las coordenadas x:3 y:2
[DEBUG] 17:01:20:867 log/(7018:7019): Se mueve el entredor id:0 a las coordenadas x:4 y:2
[DEBUG] 17:01:21:869 log/(7018:7019): Se mueve el entredor id:0 a las coordenadas x:4 y:3
[DEBUG] 17:01:22:869 log/(7018:7019): Se mueve el entredor id:0 a las coordenadas x:4 y:4
[DEBUG] 17:01:23:870 log/(7018:7019): Se mueve el entredor id:0 a las coordenadas x:4 y:5
[DEBUG] 17:01:24:870 log/(7018:7019): Se mueve el entredor id:0 a las coordenadas x:4 y:6
[DEBUG] 17:01:25:871 log/(7018:7019): Se mueve el entredor id:0 a las coordenadas x:4 y:7
[DEBUG] 17:01:26:872 log/(7018:7019): Se mueve el entredor id:0 a las coordenadas x:4 y:7
[DEBUG] 17:51:13:522 log/(8124:8124): 127.0.0.1
[DEBUG] 17:51:13:523 log/(8124:8124): 5002
[DEBUG] 17:51:27:285 log/(8124:8132): Llegada mensaje tipo: APPEARED_POKEMON , Pikachu,-1|2
[DEBUG] 17:51:28:286 log/(8124:8125): Se mueve el entredor id:0 a las coordenadas x:0 y:2
[DEBUG] 17:51:29:287 log/(8124:8125): Se mueve el entredor id:0 a las coordenadas x:-1 y:2
[DEBUG] 17:51:55:186 log/(8124:8132): Llegada mensaje tipo: APPEARED_POKEMON , Pikachu,-1|2
[DEBUG] 17:51:55:453 log/(8124:8132): Llegada mensaje tipo: APPEARED_POKEMON , Pikachu,-1|2
[DEBUG] 17:51:55:668 log/(8124:8132): Llegada mensaje tipo: APPEARED_POKEMON , Pikachu,-1|2
[DEBUG] 17:51:55:971 log/(8124:8132): Llegada mensaje tipo: APPEARED_POKEMON , Charmander,4|7
[DEBUG] 17:51:56:183 log/(8124:8132): Llegada mensaje tipo: APPEARED_POKEMON , Charmander,4|7
[DEBUG] 17:51:56:186 log/(8124:8125): Se mueve el entredor id:0 a las coordenadas x:-1 y:2
[DEBUG] 17:51:56:366 log/(8124:8132): Llegada mensaje tipo: APPEARED_POKEMON , Charmander,4|7
[DEBUG] 17:51:57:187 log/(8124:8126): Se mueve el entredor id:1 a las coordenadas x:4 y:7
[DEBUG] 17:51:58:385 log/(8124:8132): Llegada mensaje tipo: APPEARED_POKEMON , Pikachu,-1|2
[DEBUG] 17:51:58:637 log/(8124:8132): Llegada mensaje tipo: APPEARED_POKEMON , Pikachu,-1|2
[DEBUG] 17:51:58:851 log/(8124:8132): Llegada mensaje tipo: APPEARED_POKEMON , Pikachu,-1|2
[DEBUG] 17:52:04:275 log/(8124:8132): Llegada mensaje tipo: APPEARED_POKEMON , Charmander,4|7
[DEBUG] 17:52:05:39 log/(8124:8132): Llegada mensaje tipo: APPEARED_POKEMON , Charmander,4|7
[DEBUG] 17:52:05:332 log/(8124:8132): Llegada mensaje tipo: APPEARED_POKEMON , Charmander,4|7
[DEBUG] 17:52:10:289 log/(8124:8134): Llegada mensaje tipo: LOCALIZED_POKEMON , id correlativo: 455 | pokemon_especie: Bulbasaur,6|3|1,5|4|1,-2|7|2,
[DEBUG] 17:57:36:548 log/(8311:8311): 127.0.0.1
[DEBUG] 17:57:36:548 log/(8311:8311): 5002
[DEBUG] 17:57:42:993 log/(8311:8318): Llegada mensaje tipo: APPEARED_POKEMON , Pikachu,-1|2
[DEBUG] 17:57:43:336 log/(8311:8318): Llegada mensaje tipo: APPEARED_POKEMON , Pikachu,-1|2
[DEBUG] 17:57:43:621 log/(8311:8318): Llegada mensaje tipo: APPEARED_POKEMON , Pikachu,-1|2
[DEBUG] 17:57:43:881 log/(8311:8318): Llegada mensaje tipo: APPEARED_POKEMON , Pikachu,-1|2
[DEBUG] 17:57:43:994 log/(8311:8312): Se mueve el entredor id:0 a las coordenadas x:0 y:2
[DEBUG] 17:57:44:370 log/(8311:8318): Llegada mensaje tipo: APPEARED_POKEMON , Charmander,4|7
[DEBUG] 17:57:44:649 log/(8311:8318): Llegada mensaje tipo: APPEARED_POKEMON , Charmander,4|7
[DEBUG] 17:57:44:896 log/(8311:8318): Llegada mensaje tipo: APPEARED_POKEMON , Charmander,4|7
[DEBUG] 17:57:44:994 log/(8311:8312): Se mueve el entredor id:0 a las coordenadas x:-1 y:2
[DEBUG] 17:57:45:102 log/(8311:8318): Llegada mensaje tipo: APPEARED_POKEMON , Charmander,4|7
[DEBUG] 17:57:45:995 log/(8311:8313): Se mueve el entredor id:1 a las coordenadas x:2 y:7
[DEBUG] 17:57:46:996 log/(8311:8313): Se mueve el entredor id:1 a las coordenadas x:1 y:7
[DEBUG] 17:57:47:997 log/(8311:8313): Se mueve el entredor id:1 a las coordenadas x:0 y:7
[DEBUG] 17:57:48:999 log/(8311:8313): Se mueve el entredor id:1 a las coordenadas x:-1 y:7
[DEBUG] 17:57:49:949 log/(8311:8318): Llegada mensaje tipo: APPEARED_POKEMON , Squirtle,4|7
[DEBUG] 17:57:49:0 log/(8311:8313): Se mueve el entredor id:1 a las coordenadas x:-1 y:6
[DEBUG] 17:57:50:281 log/(8311:8318): Llegada mensaje tipo: APPEARED_POKEMON , Squirtle,4|7
[DEBUG] 17:57:50:519 log/(8311:8318): Llegada mensaje tipo: APPEARED_POKEMON , Squirtle,4|7
[DEBUG] 17:57:50:0 log/(8311:8313): Se mueve el entredor id:1 a las coordenadas x:-1 y:5
[DEBUG] 17:57:51:1 log/(8311:8313): Se mueve el entredor id:1 a las coordenadas x:-1 y:4
[DEBUG] 17:57:53:2 log/(8311:8313): Se mueve el entredor id:1 a las coordenadas x:-1 y:3
[DEBUG] 17:57:53:4 log/(8311:8313): Se mueve el entredor id:1 a las coordenadas x:-1 y:2
[DEBUG] 17:57:55:6 log/(8311:8314): Se mueve el entredor id:2 a las coordenadas x:4 y:5
[DEBUG] 17:57:56:6 log/(8311:8314): Se mueve el entredor id:2 a las coordenadas x:4 y:6
[DEBUG] 17:57:57:7 log/(8311:8314): Se mueve el entredor id:2 a las coordenadas x:4 y:7
[DEBUG] 17:57:58:8 log/(8311:8312): Se mueve el entredor id:0 a las coordenadas x:0 y:2
[DEBUG] 17:57:59:10 log/(8311:8312): Se mueve el entredor id:0 a las coordenadas x:1 y:2
[DEBUG] 17:58:00:12 log/(8311:8312): Se mueve el entredor id:0 a las coordenadas x:2 y:2
[DEBUG] 17:58:01:13 log/(8311:8312): Se mueve el entredor id:0 a las coordenadas x:3 y:2
[DEBUG] 17:58:02:13 log/(8311:8312): Se mueve el entredor id:0 a las coordenadas x:4 y:2
[DEBUG] 17:58:03:14 log/(8311:8312): Se mueve el entredor id:0 a las coordenadas x:4 y:3
[DEBUG] 17:58:04:16 log/(8311:8312): Se mueve el entredor id:0 a las coordenadas x:4 y:4
[DEBUG] 17:58:05:17 log/(8311:8312): Se mueve el entredor id:0 a las coordenadas x:4 y:5
[DEBUG] 17:58:06:17 log/(8311:8312): Se mueve el entredor id:0 a las coordenadas x:4 y:6
[DEBUG] 17:58:07:18 log/(8311:8312): Se mueve el entredor id:0 a las coordenadas x:4 y:7
[DEBUG] 17:58:08:20 log/(8311:8312): Se mueve el entredor id:0 a las coordenadas x:4 y:7
[DEBUG] 18:00:31:7 log/(8430:8430): 127.0.0.1
[DEBUG] 18:00:31:7 log/(8430:8430): 5002
[DEBUG] 18:00:35:196 log/(8430:8437): Llegada mensaje tipo: APPEARED_POKEMON , Pikachu,-1|2
[DEBUG] 18:00:35:409 log/(8430:8437): Llegada mensaje tipo: APPEARED_POKEMON , Pikachu,-1|2
[DEBUG] 18:00:35:636 log/(8430:8437): Llegada mensaje tipo: APPEARED_POKEMON , Pikachu,-1|2
[DEBUG] 18:00:35:952 log/(8430:8437): Llegada mensaje tipo: APPEARED_POKEMON , Charmander,4|7
[DEBUG] 18:00:36:126 log/(8430:8437): Llegada mensaje tipo: APPEARED_POKEMON , Charmander,4|7
[DEBUG] 18:00:36:197 log/(8430:8431): Se mueve el entredor id:0 a las coordenadas x:0 y:2
[DEBUG] 18:00:36:337 log/(8430:8437): Llegada mensaje tipo: APPEARED_POKEMON , Charmander,4|7
[DEBUG] 18:00:37:198 log/(8430:8431): Se mueve el entredor id:0 a las coordenadas x:-1 y:2
[DEBUG] 18:00:38:199 log/(8430:8432): Se mueve el entredor id:1 a las coordenadas x:2 y:7
[DEBUG] 18:00:39:200 log/(8430:8432): Se mueve el entredor id:1 a las coordenadas x:1 y:7
[DEBUG] 18:00:40:201 log/(8430:8432): Se mueve el entredor id:1 a las coordenadas x:0 y:7
[DEBUG] 18:00:41:201 log/(8430:8432): Se mueve el entredor id:1 a las coordenadas x:-1 y:7
[DEBUG] 18:00:42:204 log/(8430:8432): Se mueve el entredor id:1 a las coordenadas x:-1 y:6
[DEBUG] 18:00:43:205 log/(8430:8432): Se mueve el entredor id:1 a las coordenadas x:-1 y:5
[DEBUG] 18:00:44:205 log/(8430:8432): Se mueve el entredor id:1 a las coordenadas x:-1 y:4
[DEBUG] 18:00:45:206 log/(8430:8432): Se mueve el entredor id:1 a las coordenadas x:-1 y:3
[DEBUG] 18:00:46:208 log/(8430:8432): Se mueve el entredor id:1 a las coordenadas x:-1 y:2
[DEBUG] 18:00:47:209 log/(8430:8433): Se mueve el entredor id:2 a las coordenadas x:4 y:5
[DEBUG] 18:00:48:209 log/(8430:8433): Se mueve el entredor id:2 a las coordenadas x:4 y:6
[DEBUG] 18:00:49:210 log/(8430:8433): Se mueve el entredor id:2 a las coordenadas x:4 y:7
[DEBUG] 18:01:11:443 log/(8430:8437): Llegada mensaje tipo: APPEARED_POKEMON , Squirtle,4|7
[DEBUG] 18:01:11:643 log/(8430:8437): Llegada mensaje tipo: APPEARED_POKEMON , Squirtle,4|7
[DEBUG] 18:01:12:444 log/(8430:8431): Se mueve el entredor id:0 a las coordenadas x:0 y:2
[DEBUG] 18:01:13:444 log/(8430:8431): Se mueve el entredor id:0 a las coordenadas x:1 y:2
[DEBUG] 18:01:14:445 log/(8430:8431): Se mueve el entredor id:0 a las coordenadas x:2 y:2
[DEBUG] 18:01:15:445 log/(8430:8431): Se mueve el entredor id:0 a las coordenadas x:3 y:2
[DEBUG] 18:01:16:446 log/(8430:8431): Se mueve el entredor id:0 a las coordenadas x:4 y:2
[DEBUG] 18:01:17:447 log/(8430:8431): Se mueve el entredor id:0 a las coordenadas x:4 y:3
[DEBUG] 18:01:18:447 log/(8430:8431): Se mueve el entredor id:0 a las coordenadas x:4 y:4
[DEBUG] 18:01:19:454 log/(8430:8431): Se mueve el entredor id:0 a las coordenadas x:4 y:5
[DEBUG] 18:01:20:455 log/(8430:8431): Se mueve el entredor id:0 a las coordenadas x:4 y:6
[DEBUG] 18:01:21:461 log/(8430:8431): Se mueve el entredor id:0 a las coordenadas x:4 y:7
[DEBUG] 18:01:22:465 log/(8430:8431): Se mueve el entredor id:0 a las coordenadas x:4 y:7
[DEBUG] 18:02:54:780 log/(8522:8522): 127.0.0.1
[DEBUG] 18:02:54:781 log/(8522:8522): 5002
[DEBUG] 18:02:58:336 log/(8522:8529): Llegada mensaje tipo: APPEARED_POKEMON , Pikachu,-1|2
[DEBUG] 18:02:58:597 log/(8522:8529): Llegada mensaje tipo: APPEARED_POKEMON , Pikachu,-1|2
[DEBUG] 18:02:58:782 log/(8522:8529): Llegada mensaje tipo: APPEARED_POKEMON , Pikachu,-1|2
[DEBUG] 18:02:59:192 log/(8522:8529): Llegada mensaje tipo: APPEARED_POKEMON , Charmander,4|7
[DEBUG] 18:02:59:337 log/(8522:8523): Se mueve el entredor id:0 a las coordenadas x:0 y:2
[DEBUG] 18:02:59:381 log/(8522:8529): Llegada mensaje tipo: APPEARED_POKEMON , Charmander,4|7
[DEBUG] 18:02:59:572 log/(8522:8529): Llegada mensaje tipo: APPEARED_POKEMON , Charmander,4|7
[DEBUG] 18:03:00:273 log/(8522:8529): Llegada mensaje tipo: APPEARED_POKEMON , Squirtle,4|7
[DEBUG] 18:03:00:338 log/(8522:8523): Se mueve el entredor id:0 a las coordenadas x:-1 y:2
[DEBUG] 18:03:00:466 log/(8522:8529): Llegada mensaje tipo: APPEARED_POKEMON , Squirtle,4|7
[DEBUG] 18:03:00:696 log/(8522:8529): Llegada mensaje tipo: APPEARED_POKEMON , Squirtle,4|7
[DEBUG] 18:03:01:338 log/(8522:8524): Se mueve el entredor id:1 a las coordenadas x:2 y:7
[DEBUG] 18:03:02:339 log/(8522:8524): Se mueve el entredor id:1 a las coordenadas x:1 y:7
[DEBUG] 18:03:03:341 log/(8522:8524): Se mueve el entredor id:1 a las coordenadas x:0 y:7
[DEBUG] 18:03:04:342 log/(8522:8524): Se mueve el entredor id:1 a las coordenadas x:-1 y:7
[DEBUG] 18:03:05:344 log/(8522:8524): Se mueve el entredor id:1 a las coordenadas x:-1 y:6
[DEBUG] 18:03:06:345 log/(8522:8524): Se mueve el entredor id:1 a las coordenadas x:-1 y:5
[DEBUG] 18:03:07:346 log/(8522:8524): Se mueve el entredor id:1 a las coordenadas x:-1 y:4
[DEBUG] 18:03:08:346 log/(8522:8524): Se mueve el entredor id:1 a las coordenadas x:-1 y:3
[DEBUG] 18:03:09:349 log/(8522:8524): Se mueve el entredor id:1 a las coordenadas x:-1 y:2
[DEBUG] 18:03:10:350 log/(8522:8525): Se mueve el entredor id:2 a las coordenadas x:4 y:5
[DEBUG] 18:03:11:350 log/(8522:8525): Se mueve el entredor id:2 a las coordenadas x:4 y:6
[DEBUG] 18:03:12:351 log/(8522:8525): Se mueve el entredor id:2 a las coordenadas x:4 y:7
[DEBUG] 18:03:13:352 log/(8522:8523): Se mueve el entredor id:0 a las coordenadas x:0 y:2
[DEBUG] 18:03:14:353 log/(8522:8523): Se mueve el entredor id:0 a las coordenadas x:1 y:2
[DEBUG] 18:03:15:356 log/(8522:8523): Se mueve el entredor id:0 a las coordenadas x:2 y:2
[DEBUG] 18:03:16:357 log/(8522:8523): Se mueve el entredor id:0 a las coordenadas x:3 y:2
[DEBUG] 18:03:17:357 log/(8522:8523): Se mueve el entredor id:0 a las coordenadas x:4 y:2
[DEBUG] 18:03:18:358 log/(8522:8523): Se mueve el entredor id:0 a las coordenadas x:4 y:3
[DEBUG] 18:03:19:359 log/(8522:8523): Se mueve el entredor id:0 a las coordenadas x:4 y:4
[DEBUG] 18:03:20:362 log/(8522:8523): Se mueve el entredor id:0 a las coordenadas x:4 y:5
[DEBUG] 18:03:21:363 log/(8522:8523): Se mueve el entredor id:0 a las coordenadas x:4 y:6
[DEBUG] 18:03:22:363 log/(8522:8523): Se mueve el entredor id:0 a las coordenadas x:4 y:7
[DEBUG] 18:03:23:366 log/(8522:8523): Se mueve el entredor id:0 a las coordenadas x:4 y:7
[DEBUG] 18:03:58:594 log/(8522:8523): DEADLOCK: Se mueve el entredor id:0 a las coordenadas x:3 y:7
[DEBUG] 18:03:59:595 log/(8522:8523): DEADLOCK: Se mueve el entredor id:0 a las coordenadas x:2 y:7
[DEBUG] 18:04:00:596 log/(8522:8523): DEADLOCK: Se mueve el entredor id:0 a las coordenadas x:1 y:7
[DEBUG] 18:04:01:598 log/(8522:8523): DEADLOCK: Se mueve el entredor id:0 a las coordenadas x:0 y:7
[DEBUG] 18:04:02:599 log/(8522:8523): DEADLOCK: Se mueve el entredor id:0 a las coordenadas x:-1 y:7
[DEBUG] 18:04:03:600 log/(8522:8523): DEADLOCK: Se mueve el entredor id:0 a las coordenadas x:-1 y:6
[DEBUG] 18:04:04:601 log/(8522:8523): DEADLOCK: Se mueve el entredor id:0 a las coordenadas x:-1 y:5
[DEBUG] 18:04:05:602 log/(8522:8523): DEADLOCK: Se mueve el entredor id:0 a las coordenadas x:-1 y:4
[DEBUG] 18:04:06:603 log/(8522:8523): DEADLOCK: Se mueve el entredor id:0 a las coordenadas x:-1 y:3
[DEBUG] 18:04:07:603 log/(8522:8523): DEADLOCK: Se mueve el entredor id:0 a las coordenadas x:-1 y:2
[DEBUG] 18:04:13:607 log/(8522:8525): DEADLOCK: Se mueve el entredor id:2 a las coordenadas x:3 y:7
[DEBUG] 18:04:14:608 log/(8522:8525): DEADLOCK: Se mueve el entredor id:2 a las coordenadas x:2 y:7
[DEBUG] 18:04:15:609 log/(8522:8525): DEADLOCK: Se mueve el entredor id:2 a las coordenadas x:1 y:7
[DEBUG] 18:04:16:610 log/(8522:8525): DEADLOCK: Se mueve el entredor id:2 a las coordenadas x:0 y:7
[DEBUG] 18:04:17:611 log/(8522:8525): DEADLOCK: Se mueve el entredor id:2 a las coordenadas x:-1 y:7
[DEBUG] 18:04:18:612 log/(8522:8525): DEADLOCK: Se mueve el entredor id:2 a las coordenadas x:-1 y:6
[DEBUG] 18:04:19:613 log/(8522:8525): DEADLOCK: Se mueve el entredor id:2 a las coordenadas x:-1 y:5
[DEBUG] 18:04:20:614 log/(8522:8525): DEADLOCK: Se mueve el entredor id:2 a las coordenadas x:-1 y:4
[DEBUG] 18:04:21:614 log/(8522:8525): DEADLOCK: Se mueve el entredor id:2 a las coordenadas x:-1 y:3
[DEBUG] 18:04:22:615 log/(8522:8525): DEADLOCK: Se mueve el entredor id:2 a las coordenadas x:-1 y:2
[DEBUG] 18:49:26:404 log/(9437:9437): 127.0.0.1
[DEBUG] 18:49:26:404 log/(9437:9437): 5002
[DEBUG] 18:49:26:404 log/(9437:9446): Fallo conexion, reintentando en 5 segundos...
[DEBUG] 18:49:31:405 log/(9437:9446): Fallo conexion, reintentando en 5 segundos...
[DEBUG] 18:49:36:405 log/(9437:9446): Se logra establecer la conexion
[DEBUG] 18:49:37:515 log/(9437:9445): Se logra establecer la conexion
[DEBUG] 18:49:37:516 log/(9437:9444): Se logra establecer la conexion
[DEBUG] 18:51:46:637 log/(9437:9444): Llegada mensaje tipo: APPEARED_POKEMON , Pikachu,-1|2
[DEBUG] 18:51:46:904 log/(9437:9444): Llegada mensaje tipo: APPEARED_POKEMON , Pikachu,-1|2
[DEBUG] 18:51:47:91 log/(9437:9444): Llegada mensaje tipo: APPEARED_POKEMON , Pikachu,-1|2
[DEBUG] 18:51:47:367 log/(9437:9444): Llegada mensaje tipo: APPEARED_POKEMON , Charmander,4|7
[DEBUG] 18:51:47:591 log/(9437:9444): Llegada mensaje tipo: APPEARED_POKEMON , Charmander,4|7
[DEBUG] 18:51:47:638 log/(9437:9438): Se mueve el entredor id:0 a las coordenadas x:0 y:2
[DEBUG] 18:51:47:788 log/(9437:9444): Llegada mensaje tipo: APPEARED_POKEMON , Charmander,4|7
[DEBUG] 18:51:48:203 log/(9437:9444): Llegada mensaje tipo: APPEARED_POKEMON , Squirtle,4|7
[DEBUG] 18:51:48:479 log/(9437:9444): Llegada mensaje tipo: APPEARED_POKEMON , Squirtle,4|7
[DEBUG] 18:51:48:638 log/(9437:9438): Se mueve el entredor id:0 a las coordenadas x:-1 y:2
[DEBUG] 18:51:49:638 log/(9437:9439): Se mueve el entredor id:1 a las coordenadas x:2 y:7
[DEBUG] 18:51:50:638 log/(9437:9439): Se mueve el entredor id:1 a las coordenadas x:1 y:7
[DEBUG] 18:51:51:639 log/(9437:9439): Se mueve el entredor id:1 a las coordenadas x:0 y:7
[DEBUG] 18:51:52:640 log/(9437:9439): Se mueve el entredor id:1 a las coordenadas x:-1 y:7
[DEBUG] 18:51:53:640 log/(9437:9439): Se mueve el entredor id:1 a las coordenadas x:-1 y:6
[DEBUG] 18:51:54:641 log/(9437:9439): Se mueve el entredor id:1 a las coordenadas x:-1 y:5
[DEBUG] 18:51:55:642 log/(9437:9439): Se mueve el entredor id:1 a las coordenadas x:-1 y:4
[DEBUG] 18:51:56:643 log/(9437:9439): Se mueve el entredor id:1 a las coordenadas x:-1 y:3
[DEBUG] 18:51:57:643 log/(9437:9439): Se mueve el entredor id:1 a las coordenadas x:-1 y:2
[DEBUG] 18:51:58:648 log/(9437:9440): Se mueve el entredor id:2 a las coordenadas x:4 y:5
[DEBUG] 18:51:59:648 log/(9437:9440): Se mueve el entredor id:2 a las coordenadas x:4 y:6
[DEBUG] 18:52:00:649 log/(9437:9440): Se mueve el entredor id:2 a las coordenadas x:4 y:7
[DEBUG] 18:52:01:649 log/(9437:9438): Se mueve el entredor id:0 a las coordenadas x:0 y:2
[DEBUG] 18:52:02:650 log/(9437:9438): Se mueve el entredor id:0 a las coordenadas x:1 y:2
[DEBUG] 18:52:03:651 log/(9437:9438): Se mueve el entredor id:0 a las coordenadas x:2 y:2
[DEBUG] 18:52:04:651 log/(9437:9438): Se mueve el entredor id:0 a las coordenadas x:3 y:2
[DEBUG] 18:52:05:652 log/(9437:9438): Se mueve el entredor id:0 a las coordenadas x:4 y:2
[DEBUG] 18:52:06:653 log/(9437:9438): Se mueve el entredor id:0 a las coordenadas x:4 y:3
[DEBUG] 18:52:07:655 log/(9437:9438): Se mueve el entredor id:0 a las coordenadas x:4 y:4
[DEBUG] 18:52:08:656 log/(9437:9438): Se mueve el entredor id:0 a las coordenadas x:4 y:5
[DEBUG] 18:52:09:656 log/(9437:9438): Se mueve el entredor id:0 a las coordenadas x:4 y:6
[DEBUG] 18:52:10:656 log/(9437:9438): Se mueve el entredor id:0 a las coordenadas x:4 y:7
[DEBUG] 18:52:11:657 log/(9437:9438): Se mueve el entredor id:0 a las coordenadas x:4 y:7
[DEBUG] 18:58:26:116 log/(9913:9913): 127.0.0.1
[DEBUG] 18:58:26:116 log/(9913:9913): 5002
[DEBUG] 18:58:26:117 log/(9913:9922): Se logra establecer la conexion
[DEBUG] 18:58:26:117 log/(9913:9921): Se logra establecer la conexion
[DEBUG] 18:58:26:118 log/(9913:9920): Se logra establecer la conexion
[DEBUG] 18:58:30:741 log/(9913:9920): Llegada mensaje tipo: APPEARED_POKEMON , Pikachu,-1|2
[DEBUG] 18:58:30:1 log/(9913:9920): Llegada mensaje tipo: APPEARED_POKEMON , Pikachu,-1|2
[DEBUG] 18:58:31:202 log/(9913:9920): Llegada mensaje tipo: APPEARED_POKEMON , Pikachu,-1|2
[DEBUG] 18:58:31:657 log/(9913:9920): Llegada mensaje tipo: APPEARED_POKEMON , Charmander,4|7
[DEBUG] 18:58:31:742 log/(9913:9914): Se mueve el entredor id:0 a las coordenadas x:0 y:2
[DEBUG] 18:58:31:869 log/(9913:9920): Llegada mensaje tipo: APPEARED_POKEMON , Charmander,4|7
[DEBUG] 18:58:32:742 log/(9913:9914): Se mueve el entredor id:0 a las coordenadas x:-1 y:2
[DEBUG] 18:58:32:743 log/(9913:9914): El entrenador 0 intenta atapar al pokemon Pikachu en la posicion x:-1 y:2
[DEBUG] 18:58:32:743 log/(9913:9914): El entrenador 0 logro atapar al pokemon Pikachu en la posicion x:-1 y:2
[DEBUG] 18:58:33:743 log/(9913:9915): Se mueve el entredor id:1 a las coordenadas x:2 y:7
[DEBUG] 18:58:34:744 log/(9913:9915): Se mueve el entredor id:1 a las coordenadas x:1 y:7
[DEBUG] 18:58:35:744 log/(9913:9915): Se mueve el entredor id:1 a las coordenadas x:0 y:7
[DEBUG] 18:58:36:745 log/(9913:9915): Se mueve el entredor id:1 a las coordenadas x:-1 y:7
[DEBUG] 18:58:37:746 log/(9913:9915): Se mueve el entredor id:1 a las coordenadas x:-1 y:6
[DEBUG] 18:58:38:746 log/(9913:9915): Se mueve el entredor id:1 a las coordenadas x:-1 y:5
[DEBUG] 18:58:39:746 log/(9913:9915): Se mueve el entredor id:1 a las coordenadas x:-1 y:4
[DEBUG] 18:58:40:747 log/(9913:9915): Se mueve el entredor id:1 a las coordenadas x:-1 y:3
[DEBUG] 18:58:41:747 log/(9913:9915): Se mueve el entredor id:1 a las coordenadas x:-1 y:2
[DEBUG] 18:58:41:748 log/(9913:9915): El entrenador 1 intenta atapar al pokemon Pikachu en la posicion x:-1 y:2
[DEBUG] 18:58:41:748 log/(9913:9915): El entrenador 1 logro atapar al pokemon Pikachu en la posicion x:-1 y:2
[DEBUG] 18:58:42:759 log/(9913:9916): Se mueve el entredor id:2 a las coordenadas x:4 y:5
[DEBUG] 18:58:43:760 log/(9913:9916): Se mueve el entredor id:2 a las coordenadas x:4 y:6
[DEBUG] 18:58:44:766 log/(9913:9916): Se mueve el entredor id:2 a las coordenadas x:4 y:7
[DEBUG] 18:58:44:766 log/(9913:9916): El entrenador 2 intenta atapar al pokemon Charmander en la posicion x:4 y:7
[DEBUG] 18:58:44:766 log/(9913:9916): El entrenador 2 logro atapar al pokemon Charmander en la posicion x:4 y:7
[DEBUG] 19:02:46:634 log/(9913:9920): Error de comunicacion con el broker, se realizara la operacion default
[DEBUG] 19:02:46:634 log/(9913:9921): Error de comunicacion con el broker, se realizara la operacion default
[DEBUG] 19:02:46:634 log/(9913:9922): Error de comunicacion con el broker, se realizara la operacion default
[DEBUG] 19:02:46:636 log/(9913:9920): Reintentando conexion...
[DEBUG] 19:02:46:637 log/(9913:9922): Reintentando conexion...
[DEBUG] 19:02:46:637 log/(9913:9921): Reintentando conexion...
[DEBUG] 19:02:46:637 log/(9913:9920): Fallo conexion, reintentando en 5 segundos...
[DEBUG] 19:02:51:639 log/(9913:9920): Fallo conexion, reintentando en 5 segundos...
[DEBUG] 19:02:56:640 log/(9913:9920): Fallo conexion, reintentando en 5 segundos...
[DEBUG] 19:03:01:641 log/(9913:9920): Fallo conexion, reintentando en 5 segundos...
[DEBUG] 19:03:06:642 log/(9913:9920): Fallo conexion, reintentando en 5 segundos...
[DEBUG] 19:03:11:644 log/(9913:9920): Fallo conexion, reintentando en 5 segundos...
[DEBUG] 19:03:16:645 log/(9913:9920): Fallo conexion, reintentando en 5 segundos...
[DEBUG] 19:03:21:647 log/(9913:9920): Fallo conexion, reintentando en 5 segundos...
[DEBUG] 19:03:26:647 log/(9913:9920): Fallo conexion, reintentando en 5 segundos...
[DEBUG] 19:03:31:649 log/(9913:9920): Fallo conexion, reintentando en 5 segundos...
[DEBUG] 19:03:36:652 log/(9913:9920): Fallo conexion, reintentando en 5 segundos...
[DEBUG] 19:03:41:654 log/(9913:9920): Fallo conexion, reintentando en 5 segundos...
[DEBUG] 19:03:46:655 log/(9913:9920): Fallo conexion, reintentando en 5 segundos...
[DEBUG] 19:03:51:656 log/(9913:9920): Fallo conexion, reintentando en 5 segundos...
[DEBUG] 19:03:56:657 log/(9913:9920): Fallo conexion, reintentando en 5 segundos...
[DEBUG] 19:04:01:659 log/(9913:9920): Fallo conexion, reintentando en 5 segundos...
[DEBUG] 19:04:06:659 log/(9913:9920): Fallo conexion, reintentando en 5 segundos...
[DEBUG] 19:04:11:660 log/(9913:9920): Fallo conexion, reintentando en 5 segundos...
[DEBUG] 19:04:16:662 log/(9913:9920): Fallo conexion, reintentando en 5 segundos...
[DEBUG] 19:04:21:664 log/(9913:9920): Fallo conexion, reintentando en 5 segundos...
