[DEBUG] 20:25:37:201 log/(9278:9278): 127.0.0.1
[DEBUG] 20:25:37:201 log/(9278:9278): 5002
[DEBUG] 20:25:37:201 log/(9278:9278): Socket: 4, escuchando
[DEBUG] 20:25:42:201 log/(9278:9278): Recibi al cliente
[DEBUG] 20:28:44:524 log/(9482:9482): 127.0.0.1
[DEBUG] 20:28:44:524 log/(9482:9482): 5002
[DEBUG] 20:28:44:524 log/(9482:9482): Socket: 4, escuchando
[DEBUG] 20:28:49:524 log/(9482:9482): Recibi al cliente
[DEBUG] 22:41:44:138 log/(13158:13158): 127.0.0.1
[DEBUG] 22:41:44:138 log/(13158:13158): 5002
[DEBUG] 22:41:44:138 log/(13158:13158): Socket: 4, escuchando
[DEBUG] 22:41:49:138 log/(13158:13158): Recibi al cliente
[DEBUG] 01:53:33:583 log/(21516:21516): 127.0.0.1
[DEBUG] 01:53:33:583 log/(21516:21516): 5002
[DEBUG] 01:53:33:583 log/(21516:21516): Socket: 4, escuchando
[DEBUG] 01:53:35:594 log/(21516:21516): Recibi al cliente
[DEBUG] 01:53:35:594 log/(21516:21516): 2048
[DEBUG] 01:53:35:594 log/(21516:21516): FF
[DEBUG] 01:55:12:584 log/(21706:21706): 127.0.0.1
[DEBUG] 01:55:12:584 log/(21706:21706): 5002
[DEBUG] 01:55:49:746 log/(21728:21728): 127.0.0.1
[DEBUG] 01:55:49:746 log/(21728:21728): 5002
[DEBUG] 01:55:49:746 log/(21728:21728): Socket: 4, escuchando
[DEBUG] 01:55:51:747 log/(21728:21728): Recibi al cliente
[DEBUG] 01:55:51:747 log/(21728:21728): 2048
[DEBUG] 01:55:51:747 log/(21728:21728): FF
[DEBUG] 01:57:14:262 log/(21781:21781): 127.0.0.1
[DEBUG] 01:57:14:263 log/(21781:21781): 5002
[DEBUG] 01:57:14:263 log/(21781:21781): Socket: 4, escuchando
[DEBUG] 01:57:16:263 log/(21781:21781): Recibi al cliente
[DEBUG] 01:57:16:264 log/(21781:21781): 2048
[DEBUG] 01:57:16:264 log/(21781:21781): FF
[DEBUG] 01:57:22:997 log/(21787:21787): 127.0.0.1
[DEBUG] 01:57:22:997 log/(21787:21787): 5002
[DEBUG] 01:57:22:997 log/(21787:21787): Socket: 4, escuchando
[DEBUG] 01:57:24:998 log/(21787:21787): Recibi al cliente
[DEBUG] 01:57:24:998 log/(21787:21787): 2048
[DEBUG] 01:57:24:998 log/(21787:21787): FF
[DEBUG] 01:57:46:389 log/(21791:21791): 127.0.0.1
[DEBUG] 01:57:46:390 log/(21791:21791): 5002
[DEBUG] 01:57:46:390 log/(21791:21791): Socket: 4, escuchando
[DEBUG] 01:57:48:395 log/(21791:21791): Recibi al cliente
[DEBUG] 01:57:48:395 log/(21791:21791): 2048
[DEBUG] 01:57:48:395 log/(21791:21791): FF
[DEBUG] 01:58:31:279 log/(21929:21929): 127.0.0.1
[DEBUG] 01:58:31:279 log/(21929:21929): 5002
[DEBUG] 01:58:31:280 log/(21929:21929): Socket: 4, escuchando
[DEBUG] 01:58:33:281 log/(21929:21929): Recibi al cliente
[DEBUG] 01:58:33:281 log/(21929:21929): 2048
[DEBUG] 01:58:33:281 log/(21929:21929): FF
[DEBUG] 01:59:32:729 log/(22048:22048): 127.0.0.1
[DEBUG] 01:59:32:729 log/(22048:22048): 5002
[DEBUG] 01:59:32:730 log/(22048:22048): Socket: 4, escuchando
[DEBUG] 01:59:34:731 log/(22048:22048): Recibi al cliente
[DEBUG] 01:59:34:731 log/(22048:22048): 2048
[DEBUG] 01:59:34:731 log/(22048:22048): FF
[DEBUG] 02:09:48:860 log/(22300:22300): 127.0.0.1
[DEBUG] 02:09:48:860 log/(22300:22300): 5002
[DEBUG] 02:09:48:860 log/(22300:22300): Socket: 4, escuchando
[DEBUG] 02:09:50:861 log/(22300:22300): Recibi al cliente
[DEBUG] 02:09:50:861 log/(22300:22300): 2048
[DEBUG] 02:09:50:861 log/(22300:22300): FF
[DEBUG] 02:10:06:543 log/(22304:22304): 127.0.0.1
[DEBUG] 02:10:06:543 log/(22304:22304): 5002
[DEBUG] 02:10:06:544 log/(22304:22304): Socket: 4, escuchando
[DEBUG] 02:10:08:544 log/(22304:22304): Recibi al cliente
[DEBUG] 02:10:08:545 log/(22304:22304): 2048
[DEBUG] 02:10:08:545 log/(22304:22304): FF
